<?xml version="1.0" encoding="UTF-8"?>
<!-- Generated by org.testng.reporters.JUnitReportReporter -->
<testsuite hostname="DESKTOP-N8M11P7" failures="0" tests="2" name="com.partner.symlexlayer.qa.testcases.AddUserTest" time="2.659" errors="1" timestamp="2025-07-04T15:29:19 BDT" skipped="1">
  <testcase classname="com.partner.symlexlayer.qa.testcases.AddUserTest" name="setUp" time="2.659">
    <error message="session not created: This version of Microsoft Edge WebDriver only supports Microsoft Edge version 136
Current browser version is 138.0.3351.65 with binary path C:\Program Files (x86)\Microsoft\Edge\Application\msedge.exe
Build info: version: &#039;3.14.0&#039;, revision: &#039;aacccce0&#039;, time: &#039;2018-08-02T20:19:58.91Z&#039;
System info: host: &#039;DESKTOP-N8M11P7&#039;, ip: &#039;192.168.0.105&#039;, os.name: &#039;Windows 11&#039;, os.arch: &#039;amd64&#039;, os.version: &#039;10.0&#039;, java.version: &#039;17.0.7&#039;
Driver info: driver.version: EdgeDriver
remote stacktrace: 	GetHandleVerifier [0x00007FF7B4F6FCA5+25029]
	(No symbol) [0x00007FF7B4EC4CB0]
	Microsoft::Applications::Events::EventProperty::to_string [0x00007FF7B51CADAA+1947706]
	(No symbol) [0x00007FF7B4CCA04E]
	(No symbol) [0x00007FF7B4CC9408]
	(No symbol) [0x00007FF7B4CC35E5]
	(No symbol) [0x00007FF7B4CC03B3]
	(No symbol) [0x00007FF7B4D052CD]
	(No symbol) [0x00007FF7B4D043CB]
	(No symbol) [0x00007FF7B4CF8DF3]
	(No symbol) [0x00007FF7B4CCD6A6]
	(No symbol) [0x00007FF7B4CCCBB3]
	(No symbol) [0x00007FF7B4CCD4D3]
	(No symbol) [0x00007FF7B4DD5D0D]
	(No symbol) [0x00007FF7B4DE38AF]
	(No symbol) [0x00007FF7B4DDC29F]
	Microsoft::Applications::Events::EventProperty::to_string [0x00007FF7B5034D5A+284650]
	(No symbol) [0x00007FF7B4ED2641]
	(No symbol) [0x00007FF7B4ECB0E4]
	(No symbol) [0x00007FF7B4ECB233]
	(No symbol) [0x00007FF7B4EBCE76]
	BaseThreadInitThunk [0x00007FFFB376E8D7+23]
	RtlUserThreadStart [0x00007FFFB3A1C34C+44]
" type="org.openqa.selenium.SessionNotCreatedException">
      <![CDATA[org.openqa.selenium.SessionNotCreatedException: session not created: This version of Microsoft Edge WebDriver only supports Microsoft Edge version 136
Current browser version is 138.0.3351.65 with binary path C:\Program Files (x86)\Microsoft\Edge\Application\msedge.exe
Build info: version: '3.14.0', revision: 'aacccce0', time: '2018-08-02T20:19:58.91Z'
System info: host: 'DESKTOP-N8M11P7', ip: '192.168.0.105', os.name: 'Windows 11', os.arch: 'amd64', os.version: '10.0', java.version: '17.0.7'
Driver info: driver.version: EdgeDriver
remote stacktrace: GetHandleVerifier [0x00007FF7B4F6FCA5+25029]
(No symbol) [0x00007FF7B4EC4CB0]
Microsoft::Applications::Events::EventProperty::to_string [0x00007FF7B51CADAA+1947706]
(No symbol) [0x00007FF7B4CCA04E]
(No symbol) [0x00007FF7B4CC9408]
(No symbol) [0x00007FF7B4CC35E5]
(No symbol) [0x00007FF7B4CC03B3]
(No symbol) [0x00007FF7B4D052CD]
(No symbol) [0x00007FF7B4D043CB]
(No symbol) [0x00007FF7B4CF8DF3]
(No symbol) [0x00007FF7B4CCD6A6]
(No symbol) [0x00007FF7B4CCCBB3]
(No symbol) [0x00007FF7B4CCD4D3]
(No symbol) [0x00007FF7B4DD5D0D]
(No symbol) [0x00007FF7B4DE38AF]
(No symbol) [0x00007FF7B4DDC29F]
Microsoft::Applications::Events::EventProperty::to_string [0x00007FF7B5034D5A+284650]
(No symbol) [0x00007FF7B4ED2641]
(No symbol) [0x00007FF7B4ECB0E4]
(No symbol) [0x00007FF7B4ECB233]
(No symbol) [0x00007FF7B4EBCE76]
BaseThreadInitThunk [0x00007FFFB376E8D7+23]
RtlUserThreadStart [0x00007FFFB3A1C34C+44]

at java.base/jdk.internal.reflect.NativeConstructorAccessorImpl.newInstance0(Native Method)
at java.base/jdk.internal.reflect.NativeConstructorAccessorImpl.newInstance(NativeConstructorAccessorImpl.java:77)
at java.base/jdk.internal.reflect.DelegatingConstructorAccessorImpl.newInstance(DelegatingConstructorAccessorImpl.java:45)
at java.base/java.lang.reflect.Constructor.newInstanceWithCaller(Constructor.java:499)
at java.base/java.lang.reflect.Constructor.newInstance(Constructor.java:480)
at org.openqa.selenium.remote.W3CHandshakeResponse.lambda$new$0(W3CHandshakeResponse.java:57)
at org.openqa.selenium.remote.W3CHandshakeResponse.lambda$getResponseFunction$2(W3CHandshakeResponse.java:104)
at org.openqa.selenium.remote.ProtocolHandshake.lambda$createSession$0(ProtocolHandshake.java:122)
at java.base/java.util.stream.ReferencePipeline$3$1.accept(ReferencePipeline.java:197)
at java.base/java.util.Spliterators$ArraySpliterator.tryAdvance(Spliterators.java:1002)
at java.base/java.util.stream.ReferencePipeline.forEachWithCancel(ReferencePipeline.java:129)
at java.base/java.util.stream.AbstractPipeline.copyIntoWithCancel(AbstractPipeline.java:527)
at java.base/java.util.stream.AbstractPipeline.copyInto(AbstractPipeline.java:513)
at java.base/java.util.stream.AbstractPipeline.wrapAndCopyInto(AbstractPipeline.java:499)
at java.base/java.util.stream.FindOps$FindOp.evaluateSequential(FindOps.java:150)
at java.base/java.util.stream.AbstractPipeline.evaluate(AbstractPipeline.java:234)
at java.base/java.util.stream.ReferencePipeline.findFirst(ReferencePipeline.java:647)
at org.openqa.selenium.remote.ProtocolHandshake.createSession(ProtocolHandshake.java:125)
at org.openqa.selenium.remote.ProtocolHandshake.createSession(ProtocolHandshake.java:73)
at org.openqa.selenium.remote.HttpCommandExecutor.execute(HttpCommandExecutor.java:136)
at org.openqa.selenium.remote.service.DriverCommandExecutor.execute(DriverCommandExecutor.java:83)
at org.openqa.selenium.remote.RemoteWebDriver.execute(RemoteWebDriver.java:548)
at org.openqa.selenium.remote.RemoteWebDriver.startSession(RemoteWebDriver.java:212)
at org.openqa.selenium.remote.RemoteWebDriver.<init>(RemoteWebDriver.java:130)
at org.openqa.selenium.edge.EdgeDriver.<init>(EdgeDriver.java:141)
at org.openqa.selenium.edge.EdgeDriver.<init>(EdgeDriver.java:96)
at com.adminpanel.qa.base.TestBase.initialization(TestBase.java:54)
at com.partner.symlexlayer.qa.testcases.AddUserTest.setUp(AddUserTest.java:42)
at java.base/jdk.internal.reflect.NativeMethodAccessorImpl.invoke0(Native Method)
at java.base/jdk.internal.reflect.NativeMethodAccessorImpl.invoke(NativeMethodAccessorImpl.java:77)
at java.base/jdk.internal.reflect.DelegatingMethodAccessorImpl.invoke(DelegatingMethodAccessorImpl.java:43)
at java.base/java.lang.reflect.Method.invoke(Method.java:568)
at org.testng.internal.invokers.MethodInvocationHelper.invokeMethod(MethodInvocationHelper.java:141)
at org.testng.internal.invokers.MethodInvocationHelper.invokeMethodConsideringTimeout(MethodInvocationHelper.java:71)
at org.testng.internal.invokers.ConfigInvoker.invokeConfigurationMethod(ConfigInvoker.java:400)
at org.testng.internal.invokers.ConfigInvoker.invokeConfigurations(ConfigInvoker.java:333)
at org.testng.internal.invokers.TestInvoker.runConfigMethods(TestInvoker.java:833)
at org.testng.internal.invokers.TestInvoker.invokeMethod(TestInvoker.java:600)
at org.testng.internal.invokers.TestInvoker.invokeTestMethod(TestInvoker.java:230)
at org.testng.internal.invokers.MethodRunner.runInSequence(MethodRunner.java:63)
at org.testng.internal.invokers.TestInvoker$MethodInvocationAgent.invoke(TestInvoker.java:992)
at org.testng.internal.invokers.TestInvoker.invokeTestMethods(TestInvoker.java:203)
at org.testng.internal.invokers.TestMethodWorker.invokeTestMethods(TestMethodWorker.java:154)
at org.testng.internal.invokers.TestMethodWorker.run(TestMethodWorker.java:134)
at java.base/java.util.ArrayList.forEach(ArrayList.java:1511)
at org.testng.TestRunner.privateRun(TestRunner.java:739)
at org.testng.TestRunner.run(TestRunner.java:614)
at org.testng.SuiteRunner.runTest(SuiteRunner.java:421)
at org.testng.SuiteRunner.runSequentially(SuiteRunner.java:413)
at org.testng.SuiteRunner.privateRun(SuiteRunner.java:373)
at org.testng.SuiteRunner.run(SuiteRunner.java:312)
at org.testng.SuiteRunnerWorker.runSuite(SuiteRunnerWorker.java:52)
at org.testng.SuiteRunnerWorker.run(SuiteRunnerWorker.java:95)
at org.testng.TestNG.runSuitesSequentially(TestNG.java:1274)
at org.testng.TestNG.runSuitesLocally(TestNG.java:1208)
at org.testng.TestNG.runSuites(TestNG.java:1112)
at org.testng.TestNG.run(TestNG.java:1079)
at org.testng.remote.AbstractRemoteTestNG.run(AbstractRemoteTestNG.java:115)
at org.testng.remote.RemoteTestNG.initAndRun(RemoteTestNG.java:293)
at org.testng.remote.RemoteTestNG.main(RemoteTestNG.java:91)
]]>
    </error>
  </testcase> <!-- setUp -->
  <testcase classname="com.partner.symlexlayer.qa.testcases.AddUserTest" name="create_invalid_email" time="0.000">
    <skipped/>
  </testcase> <!-- create_invalid_email -->
</testsuite> <!-- com.partner.symlexlayer.qa.testcases.AddUserTest -->
